# JRE version: Java(TM) SE Runtime Environment (17.0.12+8) (build 17.0.12+8-LTS-286)
# Java VM: Java HotSpot(TM) 64-Bit Server VM (17.0.12+8-LTS-286, mixed mode, emulated-client, sharing, tiered, compressed oops, compressed class ptrs, g1 gc, windows-amd64)
GC Precious Log:
 CPUs: 12 total, 12 available
 Memory: 15789M
 Large Page Support: Disabled
 NUMA Support: Disabled
 Compressed Oops: Enabled (Zero based)
 Heap Region Size: 2M
 Heap Min Capacity: 8M
 Heap Initial Capacity: 248M
 Heap Max Capacity: 3948M
 Pre-touch: Disabled
 Parallel Workers: 10
 Concurrent Workers: 3
 Concurrent Refinement Workers: 10
 Periodic GC: Disabled
Heap:
 garbage-first heap   total 114688K, used 67213K [0x0000000709400000, 0x0000000800000000)
  region size 2048K, 22 young (45056K), 5 survivors (10240K)
 Metaspace       used 45237K, committed 45632K, reserved 1114112K
  class space    used 5861K, committed 6080K, reserved 1048576K
GC Heap History (20 events):
Event: 5.577 GC heap before
{Heap before GC invocations=5 (full 0):
 garbage-first heap   total 253952K, used 113137K [0x0000000709400000, 0x0000000800000000)
  region size 2048K, 52 young (106496K), 5 survivors (10240K)
 Metaspace       used 21270K, committed 21504K, reserved 1114112K
  class space    used 2932K, committed 3008K, reserved 1048576K
}
Event: 5.582 GC heap after
{Heap after GC invocations=6 (full 0):
 garbage-first heap   total 253952K, used 20613K [0x0000000709400000, 0x0000000800000000)
  region size 2048K, 6 young (12288K), 6 survivors (12288K)
 Metaspace       used 21270K, committed 21504K, reserved 1114112K
  class space    used 2932K, committed 3008K, reserved 1048576K
}
Event: 6.378 GC heap before
{Heap before GC invocations=7 (full 0):
 garbage-first heap   total 81920K, used 57477K [0x0000000709400000, 0x0000000800000000)
  region size 2048K, 24 young (49152K), 6 survivors (12288K)
 Metaspace       used 27688K, committed 27968K, reserved 1114112K
  class space    used 3865K, committed 4032K, reserved 1048576K
}
Event: 6.390 GC heap after
{Heap after GC invocations=8 (full 0):
 garbage-first heap   total 81920K, used 23072K [0x0000000709400000, 0x0000000800000000)
  region size 2048K, 3 young (6144K), 3 survivors (6144K)
 Metaspace       used 27688K, committed 27968K, reserved 1114112K
  class space    used 3865K, committed 4032K, reserved 1048576K
}
Event: 6.453 GC heap before
{Heap before GC invocations=8 (full 0):
 garbage-first heap   total 81920K, used 25120K [0x0000000709400000, 0x0000000800000000)
  region size 2048K, 4 young (8192K), 3 survivors (6144K)
 Metaspace       used 28038K, committed 28352K, reserved 1114112K
  class space    used 3905K, committed 4032K, reserved 1048576K
}
Event: 6.461 GC heap after
{Heap after GC invocations=9 (full 0):
 garbage-first heap   total 81920K, used 23770K [0x0000000709400000, 0x0000000800000000)
  region size 2048K, 1 young (2048K), 1 survivors (2048K)
 Metaspace       used 28038K, committed 28352K, reserved 1114112K
  class space    used 3905K, committed 4032K, reserved 1048576K
}
Event: 7.660 GC heap before
{Heap before GC invocations=9 (full 0):
 garbage-first heap   total 81920K, used 58586K [0x0000000709400000, 0x0000000800000000)
  region size 2048K, 19 young (38912K), 1 survivors (2048K)
 Metaspace       used 35648K, committed 35968K, reserved 1114112K
  class space    used 4774K, committed 4928K, reserved 1048576K
}
Event: 7.663 GC heap after
{Heap after GC invocations=10 (full 0):
 garbage-first heap   total 81920K, used 25760K [0x0000000709400000, 0x0000000800000000)
  region size 2048K, 2 young (4096K), 2 survivors (4096K)
 Metaspace       used 35648K, committed 35968K, reserved 1114112K
  class space    used 4774K, committed 4928K, reserved 1048576K
}
Event: 7.848 GC heap before
{Heap before GC invocations=11 (full 0):
 garbage-first heap   total 81920K, used 62624K [0x0000000709400000, 0x0000000800000000)
  region size 2048K, 20 young (40960K), 2 survivors (4096K)
 Metaspace       used 37106K, committed 37440K, reserved 1114112K
  class space    used 4968K, committed 5120K, reserved 1048576K
}
Event: 7.850 GC heap after
{Heap after GC invocations=12 (full 0):
 garbage-first heap   total 81920K, used 27003K [0x0000000709400000, 0x0000000800000000)
  region size 2048K, 2 young (4096K), 2 survivors (4096K)
 Metaspace       used 37106K, committed 37440K, reserved 1114112K
  class space    used 4968K, committed 5120K, reserved 1048576K
}
Event: 7.856 GC heap before
{Heap before GC invocations=12 (full 0):
 garbage-first heap   total 81920K, used 29051K [0x0000000709400000, 0x0000000800000000)
  region size 2048K, 3 young (6144K), 2 survivors (4096K)
 Metaspace       used 37106K, committed 37440K, reserved 1114112K
  class space    used 4968K, committed 5120K, reserved 1048576K
}
Event: 7.858 GC heap after
{Heap after GC invocations=13 (full 0):
 garbage-first heap   total 114688K, used 26666K [0x0000000709400000, 0x0000000800000000)
  region size 2048K, 1 young (2048K), 1 survivors (2048K)
 Metaspace       used 37106K, committed 37440K, reserved 1114112K
  class space    used 4968K, committed 5120K, reserved 1048576K
}
Event: 8.024 GC heap before
{Heap before GC invocations=13 (full 0):
 garbage-first heap   total 114688K, used 86058K [0x0000000709400000, 0x0000000800000000)
  region size 2048K, 30 young (61440K), 1 survivors (2048K)
 Metaspace       used 37116K, committed 37504K, reserved 1114112K
  class space    used 4968K, committed 5120K, reserved 1048576K
}
Event: 8.025 GC heap after
{Heap after GC invocations=14 (full 0):
 garbage-first heap   total 114688K, used 27195K [0x0000000709400000, 0x0000000800000000)
  region size 2048K, 1 young (2048K), 1 survivors (2048K)
 Metaspace       used 37116K, committed 37504K, reserved 1114112K
  class space    used 4968K, committed 5120K, reserved 1048576K
}
Event: 8.166 GC heap before
{Heap before GC invocations=14 (full 0):
 garbage-first heap   total 114688K, used 88635K [0x0000000709400000, 0x0000000800000000)
  region size 2048K, 31 young (63488K), 1 survivors (2048K)
 Metaspace       used 37129K, committed 37504K, reserved 1114112K
  class space    used 4969K, committed 5120K, reserved 1048576K
}
Event: 8.167 GC heap after
{Heap after GC invocations=15 (full 0):
 garbage-first heap   total 114688K, used 28063K [0x0000000709400000, 0x0000000800000000)
  region size 2048K, 1 young (2048K), 1 survivors (2048K)
 Metaspace       used 37129K, committed 37504K, reserved 1114112K
  class space    used 4969K, committed 5120K, reserved 1048576K
}
Event: 8.356 GC heap before
{Heap before GC invocations=15 (full 0):
 garbage-first heap   total 114688K, used 91551K [0x0000000709400000, 0x0000000800000000)
  region size 2048K, 32 young (65536K), 1 survivors (2048K)
 Metaspace       used 37555K, committed 37888K, reserved 1114112K
  class space    used 5015K, committed 5184K, reserved 1048576K
}
Event: 8.358 GC heap after
{Heap after GC invocations=16 (full 0):
 garbage-first heap   total 114688K, used 29215K [0x0000000709400000, 0x0000000800000000)
  region size 2048K, 2 young (4096K), 2 survivors (4096K)
 Metaspace       used 37555K, committed 37888K, reserved 1114112K
  class space    used 5015K, committed 5184K, reserved 1048576K
}
Event: 8.949 GC heap before
{Heap before GC invocations=16 (full 0):
 garbage-first heap   total 114688K, used 92703K [0x0000000709400000, 0x0000000800000000)
  region size 2048K, 33 young (67584K), 2 survivors (4096K)
 Metaspace       used 42218K, committed 42688K, reserved 1114112K
  class space    used 5488K, committed 5696K, reserved 1048576K
}
Event: 8.954 GC heap after
{Heap after GC invocations=17 (full 0):
 garbage-first heap   total 114688K, used 34445K [0x0000000709400000, 0x0000000800000000)
  region size 2048K, 5 young (10240K), 5 survivors (10240K)
 Metaspace       used 42218K, committed 42688K, reserved 1114112K
  class space    used 5488K, committed 5696K, reserved 1048576K
}

